<?xml version="1.0" encoding="UTF-8"?>
<!-- Generated by org.testng.reporters.JUnitReportReporter -->
<testsuite hostname="DESKTOP-AN9RSKU" failures="1" tests="1" name="tests.practice.P3_TutorialTest" time="6.775" errors="0" timestamp="2022-06-17T16:03:31 TRT" skipped="0">
  <testcase classname="tests.practice.P3_TutorialTest" name="test" time="6.775">
    <failure message="Lists differ at element [0]: [[ChromeDriver: chrome on WINDOWS (4be7d0228f8b8ee4ead549035e192a62)] -&gt; xpath: //td[@class=&#039;text-left&#039;]] != [[ChromeDriver: chrome on WINDOWS (4be7d0228f8b8ee4ead549035e192a62)] -&gt; tag name: h4] expected [[[ChromeDriver: chrome on WINDOWS (4be7d0228f8b8ee4ead549035e192a62)] -&gt; xpath: //td[@class=&#039;text-left&#039;]]] but found [[[ChromeDriver: chrome on WINDOWS (4be7d0228f8b8ee4ead549035e192a62)] -&gt; tag name: h4]]" type="java.lang.AssertionError">
      <![CDATA[java.lang.AssertionError: Lists differ at element [0]: [[ChromeDriver: chrome on WINDOWS (4be7d0228f8b8ee4ead549035e192a62)] -> xpath: //td[@class='text-left']] != [[ChromeDriver: chrome on WINDOWS (4be7d0228f8b8ee4ead549035e192a62)] -> tag name: h4] expected [[[ChromeDriver: chrome on WINDOWS (4be7d0228f8b8ee4ead549035e192a62)] -> xpath: //td[@class='text-left']]] but found [[[ChromeDriver: chrome on WINDOWS (4be7d0228f8b8ee4ead549035e192a62)] -> tag name: h4]]
at org.testng.Assert.fail(Assert.java:110)
at org.testng.Assert.failNotEquals(Assert.java:1413)
at org.testng.Assert.assertEqualsImpl(Assert.java:149)
at org.testng.Assert.assertEquals(Assert.java:1479)
at org.testng.Assert.assertEquals(Assert.java:1441)
at tests.practice.P3_TutorialTest.test(P3_TutorialTest.java:41)
at java.base/jdk.internal.reflect.NativeMethodAccessorImpl.invoke0(Native Method)
at java.base/jdk.internal.reflect.NativeMethodAccessorImpl.invoke(NativeMethodAccessorImpl.java:77)
at java.base/jdk.internal.reflect.DelegatingMethodAccessorImpl.invoke(DelegatingMethodAccessorImpl.java:43)
at java.base/java.lang.reflect.Method.invoke(Method.java:568)
at org.testng.internal.invokers.MethodInvocationHelper.invokeMethod(MethodInvocationHelper.java:135)
at org.testng.internal.invokers.TestInvoker.invokeMethod(TestInvoker.java:673)
at org.testng.internal.invokers.TestInvoker.invokeTestMethod(TestInvoker.java:220)
at org.testng.internal.invokers.MethodRunner.runInSequence(MethodRunner.java:50)
at org.testng.internal.invokers.TestInvoker$MethodInvocationAgent.invoke(TestInvoker.java:945)
at org.testng.internal.invokers.TestInvoker.invokeTestMethods(TestInvoker.java:193)
at org.testng.internal.invokers.TestMethodWorker.invokeTestMethods(TestMethodWorker.java:146)
at org.testng.internal.invokers.TestMethodWorker.run(TestMethodWorker.java:128)
at java.base/java.util.ArrayList.forEach(ArrayList.java:1511)
at org.testng.TestRunner.privateRun(TestRunner.java:808)
at org.testng.TestRunner.run(TestRunner.java:603)
at org.testng.SuiteRunner.runTest(SuiteRunner.java:429)
at org.testng.SuiteRunner.runSequentially(SuiteRunner.java:423)
at org.testng.SuiteRunner.privateRun(SuiteRunner.java:383)
at org.testng.SuiteRunner.run(SuiteRunner.java:326)
at org.testng.SuiteRunnerWorker.runSuite(SuiteRunnerWorker.java:52)
at org.testng.SuiteRunnerWorker.run(SuiteRunnerWorker.java:95)
at org.testng.TestNG.runSuitesSequentially(TestNG.java:1249)
at org.testng.TestNG.runSuitesLocally(TestNG.java:1169)
at org.testng.TestNG.runSuites(TestNG.java:1092)
at org.testng.TestNG.run(TestNG.java:1060)
at org.apache.maven.surefire.testng.TestNGExecutor.run(TestNGExecutor.java:77)
at org.apache.maven.surefire.testng.TestNGDirectoryTestSuite.executeMulti(TestNGDirectoryTestSuite.java:159)
at org.apache.maven.surefire.testng.TestNGDirectoryTestSuite.execute(TestNGDirectoryTestSuite.java:99)
at org.apache.maven.surefire.testng.TestNGProvider.invoke(TestNGProvider.java:106)
at java.base/jdk.internal.reflect.NativeMethodAccessorImpl.invoke0(Native Method)
at java.base/jdk.internal.reflect.NativeMethodAccessorImpl.invoke(NativeMethodAccessorImpl.java:77)
at java.base/jdk.internal.reflect.DelegatingMethodAccessorImpl.invoke(DelegatingMethodAccessorImpl.java:43)
at java.base/java.lang.reflect.Method.invoke(Method.java:568)
at org.apache.maven.surefire.util.ReflectionUtils.invokeMethodWithArray(ReflectionUtils.java:189)
at org.apache.maven.surefire.booter.ProviderFactory$ProviderProxy.invoke(ProviderFactory.java:165)
at org.apache.maven.surefire.booter.ProviderFactory.invokeProvider(ProviderFactory.java:85)
at org.apache.maven.surefire.booter.ForkedBooter.runSuitesInProcess(ForkedBooter.java:115)
at org.apache.maven.surefire.booter.ForkedBooter.main(ForkedBooter.java:75)
]]>
    </failure>
  </testcase> <!-- test -->
  <system-out/>
</testsuite> <!-- tests.practice.P3_TutorialTest -->
