<?xml version="1.0" encoding="UTF-8" ?>
<testsuite tests="9" failures="1" name="TestSuite" time="77.819" errors="0" skipped="0">
  <properties>
    <property name="idea.version" value="2021.3.1"/>
    <property name="java.runtime.name" value="Java(TM) SE Runtime Environment"/>
    <property name="java.vm.version" value="17.0.1+12-LTS-39"/>
    <property name="sun.boot.library.path" value="C:\Program Files\Java\jdk-17.0.1\bin"/>
    <property name="maven.multiModuleProjectDirectory" value="C:\Users\USER\IdeaProjects\com.Batch44POM"/>
    <property name="java.vm.vendor" value="Oracle Corporation"/>
    <property name="java.vendor.url" value="https://java.oracle.com/"/>
    <property name="guice.disable.misplaced.annotation.check" value="true"/>
    <property name="path.separator" value=";"/>
    <property name="java.vm.name" value="Java HotSpot(TM) 64-Bit Server VM"/>
    <property name="sun.os.patch.level" value=""/>
    <property name="user.script" value=""/>
    <property name="user.country" value="US"/>
    <property name="sun.java.launcher" value="SUN_STANDARD"/>
    <property name="java.vm.specification.name" value="Java Virtual Machine Specification"/>
    <property name="user.dir" value="C:\Users\USER\IdeaProjects\com.Batch44POM"/>
    <property name="java.vm.compressedOopsMode" value="32-bit"/>
    <property name="java.runtime.version" value="17.0.1+12-LTS-39"/>
    <property name="os.arch" value="amd64"/>
    <property name="java.io.tmpdir" value="C:\Users\USER\AppData\Local\Temp\"/>
    <property name="line.separator" value="
"/>
    <property name="java.vm.specification.vendor" value="Oracle Corporation"/>
    <property name="user.variant" value=""/>
    <property name="os.name" value="Windows 10"/>
    <property name="maven.ext.class.path" value="C:\Program Files\JetBrains\IntelliJ IDEA Community Edition 2021.3.1\plugins\maven\lib\maven-event-listener.jar"/>
    <property name="classworlds.conf" value="C:\Program Files\JetBrains\IntelliJ IDEA Community Edition 2021.3.1\plugins\maven\lib\maven3\bin\m2.conf"/>
    <property name="sun.jnu.encoding" value="Cp1254"/>
    <property name="java.library.path" value="C:\Program Files\Java\jdk-17.0.1\bin;C:\Windows\Sun\Java\bin;C:\Windows\system32;C:\Windows;C:\Program Files\Common Files\Oracle\Java\javapath;C:\Windows\system32;C:\Windows;C:\Windows\System32\Wbem;C:\Windows\System32\WindowsPowerShell\v1.0\;C:\Windows\System32\OpenSSH\;C:\Program Files\Git\cmd;C:\Program Files\MySQL\MySQL Shell 8.0\bin\;C:\Users\USER\AppData\Local\Microsoft\WindowsApps;C:\Program Files\apache-maven-3.8.4\bin;C:\Users\USER\AppData\Local\GitHubDesktop\bin;C:\Users\USER\AppData\Local\Programs\Microsoft VS Code\bin;C:\Program Files\Java\jdk-11.0.15\bin;;."/>
    <property name="maven.conf" value="C:\Program Files\JetBrains\IntelliJ IDEA Community Edition 2021.3.1\plugins\maven\lib\maven3/conf"/>
    <property name="jdk.debug" value="release"/>
    <property name="java.class.version" value="61.0"/>
    <property name="java.specification.name" value="Java Platform API Specification"/>
    <property name="sun.management.compiler" value="HotSpot 64-Bit Tiered Compilers"/>
    <property name="os.version" value="10.0"/>
    <property name="user.home" value="C:\Users\USER"/>
    <property name="user.timezone" value="Europe/Istanbul"/>
    <property name="file.encoding" value="UTF-8"/>
    <property name="java.specification.version" value="17"/>
    <property name="user.name" value="USER"/>
    <property name="java.class.path" value="C:\Program Files\JetBrains\IntelliJ IDEA Community Edition 2021.3.1\plugins\maven\lib\maven3\boot\plexus-classworlds-2.6.0.jar;C:\Program Files\JetBrains\IntelliJ IDEA Community Edition 2021.3.1\plugins\maven\lib\maven3\boot\plexus-classworlds.license"/>
    <property name="java.vm.specification.version" value="17"/>
    <property name="sun.arch.data.model" value="64"/>
    <property name="sun.java.command" value="org.codehaus.classworlds.Launcher -Didea.version=2021.3.1 clean verify"/>
    <property name="java.home" value="C:\Program Files\Java\jdk-17.0.1"/>
    <property name="user.language" value="en"/>
    <property name="java.specification.vendor" value="Oracle Corporation"/>
    <property name="java.vm.info" value="mixed mode, sharing"/>
    <property name="java.version" value="17.0.1"/>
    <property name="native.encoding" value="Cp1252"/>
    <property name="java.vendor" value="Oracle Corporation"/>
    <property name="maven.home" value="C:\Program Files\JetBrains\IntelliJ IDEA Community Edition 2021.3.1\plugins\maven\lib\maven3"/>
    <property name="file.separator" value="\"/>
    <property name="java.version.date" value="2021-10-19"/>
    <property name="java.vendor.url.bug" value="https://bugreport.java.com/bugreport/"/>
    <property name="sun.io.unicode.encoding" value="UnicodeLittle"/>
    <property name="sun.cpu.endian" value="little"/>
    <property name="sun.cpu.isalist" value="amd64"/>
  </properties>
  <testcase classname="tests.day16.C01_DriverIlkTest" name="test01" time="9.752"/>
  <testcase classname="tests.day16.C01_DriverIlkTest" name="test02" time="4.083"/>
  <testcase classname="tests.practice.P1_DemoGuruTest" name="test" time="11.639"/>
  <testcase classname="tests.practice.P2_WebTableTest" name="tableTest" time="5.131"/>
  <testcase classname="tests.practice.P3_TutorialTest" name="test" time="6.783">
    <failure message="Lists differ at element [0]: [[ChromeDriver: chrome on WINDOWS (4be7d0228f8b8ee4ead549035e192a62)] -&gt; xpath: //td[@class=&apos;text-left&apos;]] != [[ChromeDriver: chrome on WINDOWS (4be7d0228f8b8ee4ead549035e192a62)] -&gt; tag name: h4] expected [[[ChromeDriver: chrome on WINDOWS (4be7d0228f8b8ee4ead549035e192a62)] -&gt; xpath: //td[@class=&apos;text-left&apos;]]] but found [[[ChromeDriver: chrome on WINDOWS (4be7d0228f8b8ee4ead549035e192a62)] -&gt; tag name: h4]]" type="java.lang.AssertionError">java.lang.AssertionError: Lists differ at element [0]: [[ChromeDriver: chrome on WINDOWS (4be7d0228f8b8ee4ead549035e192a62)] -&gt; xpath: //td[@class=&apos;text-left&apos;]] != [[ChromeDriver: chrome on WINDOWS (4be7d0228f8b8ee4ead549035e192a62)] -&gt; tag name: h4] expected [[[ChromeDriver: chrome on WINDOWS (4be7d0228f8b8ee4ead549035e192a62)] -&gt; xpath: //td[@class=&apos;text-left&apos;]]] but found [[[ChromeDriver: chrome on WINDOWS (4be7d0228f8b8ee4ead549035e192a62)] -&gt; tag name: h4]]
	at org.testng.Assert.fail(Assert.java:110)
	at org.testng.Assert.failNotEquals(Assert.java:1413)
	at org.testng.Assert.assertEqualsImpl(Assert.java:149)
	at org.testng.Assert.assertEquals(Assert.java:1479)
	at org.testng.Assert.assertEquals(Assert.java:1441)
	at tests.practice.P3_TutorialTest.test(P3_TutorialTest.java:41)
</failure>
    <system-out>***** goruntulenen isimler *****
HTC Touch HD
iPhone
Palm Treo Pro
***** sepetteki isimler *****



</system-out>
    <system-err>Starting ChromeDriver 102.0.5005.61 (0e59bcc00cc4985ce39ad31c150065f159d95ad3-refs/branch-heads/5005@{#819}) on port 62193
Only local connections are allowed.
Please see https://chromedriver.chromium.org/security-considerations for suggestions on keeping ChromeDriver safe.
ChromeDriver was started successfully.
Jun 17, 2022 4:02:45 PM org.openqa.selenium.remote.ProtocolHandshake createSession
INFO: Detected dialect: W3C
Jun 17, 2022 4:02:45 PM org.openqa.selenium.devtools.CdpVersionFinder findNearestMatch
WARNING: Unable to find an exact match for CDP version 102, so returning the closest version found: 99
Jun 17, 2022 4:02:45 PM org.openqa.selenium.devtools.CdpVersionFinder findNearestMatch
INFO: Found CDP implementation for version 102 of 99
</system-err>
  </testcase>
  <testcase classname="tests.smokeTest.NegativeLoginTest" name="yanlisSifreTesti" time="11.761"/>
  <testcase classname="tests.smokeTest.NegativeLoginTest" name="yanlisSifreUsernameTesti" time="8.19"/>
  <testcase classname="tests.smokeTest.NegativeLoginTest" name="yanlisUsernameTesti" time="8.225"/>
  <testcase classname="tests.smokeTest.PosistiveLoginTest" name="positiveLoginTest" time="12.255"/>
</testsuite>