<?xml version="1.0" encoding="UTF-8"?>
<testng-results ignored="0" total="9" passed="8" failed="1" skipped="0">
  <reporter-output>
  </reporter-output>
  <suite started-at="2022-06-17T16:02:11 TRT" name="Command line suite" finished-at="2022-06-17T16:03:31 TRT" duration-ms="80259">
    <groups>
    </groups>
    <test started-at="2022-06-17T16:02:11 TRT" name="Command line test" finished-at="2022-06-17T16:03:31 TRT" duration-ms="80259">
      <class name="tests.smokeTest.PosistiveLoginTest">
        <test-method signature="positiveLoginTest()[pri:0, instance:tests.smokeTest.PosistiveLoginTest@48524010]" started-at="2022-06-17T16:03:18 TRT" name="positiveLoginTest" finished-at="2022-06-17T16:03:30 TRT" duration-ms="12254" status="PASS">
          <reporter-output>
          </reporter-output>
        </test-method> <!-- positiveLoginTest -->
      </class> <!-- tests.smokeTest.PosistiveLoginTest -->
      <class name="tests.smokeTest.NegativeLoginTest">
        <test-method signature="yanlisSifreTesti()[pri:0, instance:tests.smokeTest.NegativeLoginTest@3ee0fea4]" started-at="2022-06-17T16:02:50 TRT" name="yanlisSifreTesti" finished-at="2022-06-17T16:03:02 TRT" duration-ms="11761" status="PASS">
          <reporter-output>
          </reporter-output>
        </test-method> <!-- yanlisSifreTesti -->
        <test-method signature="yanlisSifreUsernameTesti()[pri:0, instance:tests.smokeTest.NegativeLoginTest@3ee0fea4]" started-at="2022-06-17T16:03:02 TRT" name="yanlisSifreUsernameTesti" finished-at="2022-06-17T16:03:10 TRT" duration-ms="8189" status="PASS">
          <reporter-output>
          </reporter-output>
        </test-method> <!-- yanlisSifreUsernameTesti -->
        <test-method signature="yanlisUsernameTesti()[pri:0, instance:tests.smokeTest.NegativeLoginTest@3ee0fea4]" started-at="2022-06-17T16:03:10 TRT" name="yanlisUsernameTesti" finished-at="2022-06-17T16:03:18 TRT" duration-ms="8226" status="PASS">
          <reporter-output>
          </reporter-output>
        </test-method> <!-- yanlisUsernameTesti -->
      </class> <!-- tests.smokeTest.NegativeLoginTest -->
      <class name="tests.practice.P2_WebTableTest">
        <test-method signature="tableTest()[pri:0, instance:tests.practice.P2_WebTableTest@53ca01a2]" started-at="2022-06-17T16:02:38 TRT" name="tableTest" finished-at="2022-06-17T16:02:43 TRT" duration-ms="5130" status="PASS">
          <reporter-output>
          </reporter-output>
        </test-method> <!-- tableTest -->
      </class> <!-- tests.practice.P2_WebTableTest -->
      <class name="tests.practice.P3_TutorialTest">
        <test-method signature="test()[pri:0, instance:tests.practice.P3_TutorialTest@358c99f5]" started-at="2022-06-17T16:02:43 TRT" name="test" finished-at="2022-06-17T16:02:50 TRT" duration-ms="6775" status="FAIL">
          <exception class="java.lang.AssertionError">
            <message>
              <![CDATA[Lists differ at element [0]: [[ChromeDriver: chrome on WINDOWS (4be7d0228f8b8ee4ead549035e192a62)] -> xpath: //td[@class='text-left']] != [[ChromeDriver: chrome on WINDOWS (4be7d0228f8b8ee4ead549035e192a62)] -> tag name: h4] expected [[[ChromeDriver: chrome on WINDOWS (4be7d0228f8b8ee4ead549035e192a62)] -> xpath: //td[@class='text-left']]] but found [[[ChromeDriver: chrome on WINDOWS (4be7d0228f8b8ee4ead549035e192a62)] -> tag name: h4]]]]>
            </message>
            <full-stacktrace>
              <![CDATA[java.lang.AssertionError: Lists differ at element [0]: [[ChromeDriver: chrome on WINDOWS (4be7d0228f8b8ee4ead549035e192a62)] -> xpath: //td[@class='text-left']] != [[ChromeDriver: chrome on WINDOWS (4be7d0228f8b8ee4ead549035e192a62)] -> tag name: h4] expected [[[ChromeDriver: chrome on WINDOWS (4be7d0228f8b8ee4ead549035e192a62)] -> xpath: //td[@class='text-left']]] but found [[[ChromeDriver: chrome on WINDOWS (4be7d0228f8b8ee4ead549035e192a62)] -> tag name: h4]]
at org.testng.Assert.fail(Assert.java:110)
at org.testng.Assert.failNotEquals(Assert.java:1413)
at org.testng.Assert.assertEqualsImpl(Assert.java:149)
at org.testng.Assert.assertEquals(Assert.java:1479)
at org.testng.Assert.assertEquals(Assert.java:1441)
at tests.practice.P3_TutorialTest.test(P3_TutorialTest.java:41)
at java.base/jdk.internal.reflect.NativeMethodAccessorImpl.invoke0(Native Method)
at java.base/jdk.internal.reflect.NativeMethodAccessorImpl.invoke(NativeMethodAccessorImpl.java:77)
at java.base/jdk.internal.reflect.DelegatingMethodAccessorImpl.invoke(DelegatingMethodAccessorImpl.java:43)
at java.base/java.lang.reflect.Method.invoke(Method.java:568)
at org.testng.internal.invokers.MethodInvocationHelper.invokeMethod(MethodInvocationHelper.java:135)
at org.testng.internal.invokers.TestInvoker.invokeMethod(TestInvoker.java:673)
at org.testng.internal.invokers.TestInvoker.invokeTestMethod(TestInvoker.java:220)
at org.testng.internal.invokers.MethodRunner.runInSequence(MethodRunner.java:50)
at org.testng.internal.invokers.TestInvoker$MethodInvocationAgent.invoke(TestInvoker.java:945)
at org.testng.internal.invokers.TestInvoker.invokeTestMethods(TestInvoker.java:193)
at org.testng.internal.invokers.TestMethodWorker.invokeTestMethods(TestMethodWorker.java:146)
at org.testng.internal.invokers.TestMethodWorker.run(TestMethodWorker.java:128)
at java.base/java.util.ArrayList.forEach(ArrayList.java:1511)
at org.testng.TestRunner.privateRun(TestRunner.java:808)
at org.testng.TestRunner.run(TestRunner.java:603)
at org.testng.SuiteRunner.runTest(SuiteRunner.java:429)
at org.testng.SuiteRunner.runSequentially(SuiteRunner.java:423)
at org.testng.SuiteRunner.privateRun(SuiteRunner.java:383)
at org.testng.SuiteRunner.run(SuiteRunner.java:326)
at org.testng.SuiteRunnerWorker.runSuite(SuiteRunnerWorker.java:52)
at org.testng.SuiteRunnerWorker.run(SuiteRunnerWorker.java:95)
at org.testng.TestNG.runSuitesSequentially(TestNG.java:1249)
at org.testng.TestNG.runSuitesLocally(TestNG.java:1169)
at org.testng.TestNG.runSuites(TestNG.java:1092)
at org.testng.TestNG.run(TestNG.java:1060)
at org.apache.maven.surefire.testng.TestNGExecutor.run(TestNGExecutor.java:77)
at org.apache.maven.surefire.testng.TestNGDirectoryTestSuite.executeMulti(TestNGDirectoryTestSuite.java:159)
at org.apache.maven.surefire.testng.TestNGDirectoryTestSuite.execute(TestNGDirectoryTestSuite.java:99)
at org.apache.maven.surefire.testng.TestNGProvider.invoke(TestNGProvider.java:106)
at java.base/jdk.internal.reflect.NativeMethodAccessorImpl.invoke0(Native Method)
at java.base/jdk.internal.reflect.NativeMethodAccessorImpl.invoke(NativeMethodAccessorImpl.java:77)
at java.base/jdk.internal.reflect.DelegatingMethodAccessorImpl.invoke(DelegatingMethodAccessorImpl.java:43)
at java.base/java.lang.reflect.Method.invoke(Method.java:568)
at org.apache.maven.surefire.util.ReflectionUtils.invokeMethodWithArray(ReflectionUtils.java:189)
at org.apache.maven.surefire.booter.ProviderFactory$ProviderProxy.invoke(ProviderFactory.java:165)
at org.apache.maven.surefire.booter.ProviderFactory.invokeProvider(ProviderFactory.java:85)
at org.apache.maven.surefire.booter.ForkedBooter.runSuitesInProcess(ForkedBooter.java:115)
at org.apache.maven.surefire.booter.ForkedBooter.main(ForkedBooter.java:75)
]]>
            </full-stacktrace>
          </exception> <!-- java.lang.AssertionError -->
          <reporter-output>
          </reporter-output>
        </test-method> <!-- test -->
      </class> <!-- tests.practice.P3_TutorialTest -->
      <class name="tests.practice.P1_DemoGuruTest">
        <test-method is-config="true" signature="setUpTest()[pri:0, instance:tests.practice.P1_DemoGuruTest@14ec4505]" started-at="2022-06-17T16:02:11 TRT" name="setUpTest" finished-at="2022-06-17T16:02:11 TRT" duration-ms="312" status="PASS">
          <reporter-output>
          </reporter-output>
        </test-method> <!-- setUpTest -->
        <test-method signature="test()[pri:0, instance:tests.practice.P1_DemoGuruTest@14ec4505]" started-at="2022-06-17T16:02:25 TRT" name="test" finished-at="2022-06-17T16:02:36 TRT" duration-ms="11640" status="PASS">
          <reporter-output>
          </reporter-output>
        </test-method> <!-- test -->
        <test-method is-config="true" signature="tearDownMethod(org.testng.ITestResult)[pri:0, instance:tests.practice.P1_DemoGuruTest@14ec4505]" started-at="2022-06-17T16:02:36 TRT" name="tearDownMethod" finished-at="2022-06-17T16:02:38 TRT" duration-ms="1616" status="PASS">
          <params>
            <param index="0">
              <value>
                <![CDATA[[TestResult name=test status=SUCCESS method=P1_DemoGuruTest.test()[pri:0, instance:tests.practice.P1_DemoGuruTest@14ec4505] output={null}]]]>
              </value>
            </param>
          </params>
          <reporter-output>
          </reporter-output>
        </test-method> <!-- tearDownMethod -->
        <test-method is-config="true" signature="tearDownTest()[pri:0, instance:tests.practice.P1_DemoGuruTest@14ec4505]" started-at="2022-06-17T16:03:30 TRT" name="tearDownTest" finished-at="2022-06-17T16:03:31 TRT" duration-ms="447" status="PASS">
          <reporter-output>
          </reporter-output>
        </test-method> <!-- tearDownTest -->
      </class> <!-- tests.practice.P1_DemoGuruTest -->
      <class name="tests.day16.C01_DriverIlkTest">
        <test-method signature="test01()[pri:0, instance:tests.day16.C01_DriverIlkTest@341b80b2]" started-at="2022-06-17T16:02:11 TRT" name="test01" finished-at="2022-06-17T16:02:21 TRT" duration-ms="9745" status="PASS">
          <reporter-output>
          </reporter-output>
        </test-method> <!-- test01 -->
        <test-method signature="test02()[pri:0, instance:tests.day16.C01_DriverIlkTest@341b80b2]" started-at="2022-06-17T16:02:21 TRT" name="test02" finished-at="2022-06-17T16:02:25 TRT" duration-ms="4088" status="PASS">
          <reporter-output>
          </reporter-output>
        </test-method> <!-- test02 -->
      </class> <!-- tests.day16.C01_DriverIlkTest -->
    </test> <!-- Command line test -->
  </suite> <!-- Command line suite -->
</testng-results>
