<?xml version="1.0" encoding="UTF-8"?>
<!-- Generated by org.testng.reporters.JUnitXMLReporter -->
<testsuite ignored="0" hostname="DESKTOP-AN9RSKU" failures="1" tests="9" name="Command line test" time="80.259" errors="0" timestamp="2022-06-17T16:03:31 TRT">
  <testcase classname="tests.day16.C01_DriverIlkTest" name="test01" time="9.745"/>
  <testcase classname="tests.day16.C01_DriverIlkTest" name="test02" time="4.088"/>
  <testcase classname="tests.practice.P1_DemoGuruTest" name="test" time="11.64"/>
  <testcase classname="tests.practice.P2_WebTableTest" name="tableTest" time="5.13"/>
  <testcase classname="tests.practice.P3_TutorialTest" name="test" time="6.775">
    <failure type="java.lang.AssertionError" message="Lists differ at element [0]: [[ChromeDriver: chrome on WINDOWS (4be7d0228f8b8ee4ead549035e192a62)] -&amp;gt; xpath: //td[@class=&amp;apos;text-left&amp;apos;]] != [[ChromeDriver: chrome on WINDOWS (4be7d0228f8b8ee4ead549035e192a62)] -&amp;gt; tag name: h4] expected [[[ChromeDriver: chrome on WINDOWS (4be7d0228f8b8ee4ead549035e192a62)] -&amp;gt; xpath: //td[@class=&amp;apos;text-left&amp;apos;]]] but found [[[ChromeDriver: chrome on WINDOWS (4be7d0228f8b8ee4ead549035e192a62)] -&amp;gt; tag name: h4]]">
      <![CDATA[java.lang.AssertionError: Lists differ at element [0]: [[ChromeDriver: chrome on WINDOWS (4be7d0228f8b8ee4ead549035e192a62)] -> xpath: //td[@class='text-left']] != [[ChromeDriver: chrome on WINDOWS (4be7d0228f8b8ee4ead549035e192a62)] -> tag name: h4] expected [[[ChromeDriver: chrome on WINDOWS (4be7d0228f8b8ee4ead549035e192a62)] -> xpath: //td[@class='text-left']]] but found [[[ChromeDriver: chrome on WINDOWS (4be7d0228f8b8ee4ead549035e192a62)] -> tag name: h4]]
at tests.practice.P3_TutorialTest.test(P3_TutorialTest.java:41)
at java.base/java.util.ArrayList.forEach(ArrayList.java:1511)
... Removed 42 stack frames]]>
    </failure>
  </testcase> <!-- test -->
  <testcase classname="tests.smokeTest.NegativeLoginTest" name="yanlisSifreTesti" time="11.761"/>
  <testcase classname="tests.smokeTest.NegativeLoginTest" name="yanlisSifreUsernameTesti" time="8.189"/>
  <testcase classname="tests.smokeTest.NegativeLoginTest" name="yanlisUsernameTesti" time="8.226"/>
  <testcase classname="tests.smokeTest.PosistiveLoginTest" name="positiveLoginTest" time="12.254"/>
</testsuite> <!-- Command line test -->
